AutoRest code generation utility [cli version: 3.6.1; node: v16.14.2]
(C) 2018 Microsoft Corporation.
https://aka.ms/autorest
info    |    Loading AutoRest core      '/home/runner/work/radius/radius/hack/bicep-types-radius/src/generator/node_modules/@autorest/core/dist' (3.8.3)
info    |    Loading local AutoRest extension '@autorest/bicep' (/home/runner/work/radius/radius/hack/bicep-types-radius/src/autorest.bicep)
info    |    Installing AutoRest extension '@autorest/modelerfour' (* -> 4.23.2)
info    |    Installed AutoRest extension '@autorest/modelerfour' (*->4.23.2)
info    | Processing batch task - {"tag":"microsoft.customproviders-2018-09-01-preview"} .
info    |    Loading local AutoRest extension '@autorest/bicep' (/home/runner/work/radius/radius/hack/bicep-types-radius/src/autorest.bicep)
info    |    Loading AutoRest extension '@autorest/modelerfour' (*->4.23.2)
warning | SkippedSemanticValidation | Semantic validation was skipped.
warning | PreCheck/SchemaMissingType | The schema 'AzureEntityResource' with an undefined type and declared properties is a bit ambiguous. This has been auto-corrected to 'type:object'
    - file:///home/runner/work/radius/radius/schemas/rest-api-specs/specification/radius/resource-manager/Microsoft.CustomProviders/preview/2018-09-01-preview/radius.json:107:5
warning | PreCheck/SchemaMissingType | The schema 'Identity' with an undefined type and declared properties is a bit ambiguous. This has been auto-corrected to 'type:object'
    - file:///home/runner/work/radius/radius/schemas/rest-api-specs/specification/radius/resource-manager/Microsoft.CustomProviders/preview/2018-09-01-preview/radius.json:1258:5
warning | PreCheck/SchemaMissingType | The schema 'Operation-display' with an undefined type and declared properties is a bit ambiguous. This has been auto-corrected to 'type:object'
    - file:///home/runner/work/radius/radius/schemas/rest-api-specs/specification/radius/resource-manager/Microsoft.CustomProviders/preview/2018-09-01-preview/radius.json:1485:9
warning | PreCheck/SchemaMissingType | The schema 'OperationListResult' with an undefined type and declared properties is a bit ambiguous. This has been auto-corrected to 'type:object'
    - file:///home/runner/work/radius/radius/schemas/rest-api-specs/specification/radius/resource-manager/Microsoft.CustomProviders/preview/2018-09-01-preview/radius.json:1538:5
warning | PreCheck/SchemaMissingType | The schema 'Plan' with an undefined type and declared properties is a bit ambiguous. This has been auto-corrected to 'type:object'
    - file:///home/runner/work/radius/radius/schemas/rest-api-specs/specification/radius/resource-manager/Microsoft.CustomProviders/preview/2018-09-01-preview/radius.json:1642:5
warning | PreCheck/SchemaMissingType | The schema 'Resource-status' with an undefined type and declared properties is a bit ambiguous. This has been auto-corrected to 'type:object'
    - file:///home/runner/work/radius/radius/schemas/rest-api-specs/specification/radius/resource-manager/Microsoft.CustomProviders/preview/2018-09-01-preview/radius.json:1878:9
warning | PreCheck/SchemaMissingType | The schema 'ResourceModelWithAllowedPropertySet' with an undefined type and declared properties is a bit ambiguous. This has been auto-corrected to 'type:object'
    - file:///home/runner/work/radius/radius/schemas/rest-api-specs/specification/radius/resource-manager/Microsoft.CustomProviders/preview/2018-09-01-preview/radius.json:1910:5
warning | PreCheck/SchemaMissingType | The schema 'ResourceModelWithAllowedPropertySet-identity' with an undefined type and 'allOf'/'anyOf'/'oneOf' is a bit ambiguous. This has been auto-corrected to 'type:object'
    - file:///home/runner/work/radius/radius/schemas/rest-api-specs/specification/radius/resource-manager/Microsoft.CustomProviders/preview/2018-09-01-preview/radius.json:1926:9
warning | PreCheck/SchemaMissingType | The schema 'ResourceModelWithAllowedPropertySet-plan' with an undefined type and 'allOf'/'anyOf'/'oneOf' is a bit ambiguous. This has been auto-corrected to 'type:object'
    - file:///home/runner/work/radius/radius/schemas/rest-api-specs/specification/radius/resource-manager/Microsoft.CustomProviders/preview/2018-09-01-preview/radius.json:1964:9
warning | PreCheck/SchemaMissingType | The schema 'ResourceModelWithAllowedPropertySet-sku' with an undefined type and 'allOf'/'anyOf'/'oneOf' is a bit ambiguous. This has been auto-corrected to 'type:object'
    - file:///home/runner/work/radius/radius/schemas/rest-api-specs/specification/radius/resource-manager/Microsoft.CustomProviders/preview/2018-09-01-preview/radius.json:1971:9
warning | PreCheck/SchemaMissingType | The schema 'Sku' with an undefined type and declared properties is a bit ambiguous. This has been auto-corrected to 'type:object'
    - file:///home/runner/work/radius/radius/schemas/rest-api-specs/specification/radius/resource-manager/Microsoft.CustomProviders/preview/2018-09-01-preview/radius.json:2097:5
warning | PreCheck/CheckDuplicateSchemas | Checking for duplicate schemas, this could take a (long) while.  Run with --verbose for more detail.
warning | PreNamer/DeduplicateName | Deduplicating schema name: 'ResourceStatus' -> 'ResourceStatusAutoGenerated'
warning | Unrecognized property type: any-object. Returning 'any'.
warning | Unrecognized property type: any-object. Returning 'any'.
warning | Unrecognized property type: any-object. Returning 'any'.
warning | Unrecognized property type: any-object. Returning 'any'.
warning | Unrecognized property type: any-object. Returning 'any'.
warning | Unrecognized property type: any-object. Returning 'any'.
info    | autorest.bicep took 19ms
info    | Autorest completed in 6.65s. 2 files generated.
