Debugger attached.

WARNING: AutoRest has not been tested with Node versions greater than v14.

AutoRest code generation utility [cli version: 3.3.2; node: v16.5.0]
(C) 2018 Microsoft Corporation.
https://aka.ms/autorest
> Loading AutoRest core      '/Users/ryan/github.com/azure/bicep-types-az/src/generator/node_modules/@autorest/core/dist' (3.5.1)
INFORMATION: > Loading local AutoRest extension '@autorest/bicep' (/Users/ryan/github.com/azure/bicep-types-az/src/autorest.bicep)
INFORMATION: > Loading AutoRest extension '@autorest/modelerfour' (*->4.15.440)
Processing batch task - {"tag":"kubernetes-2021-01-01-preview"} .
INFORMATION: > Loading local AutoRest extension '@autorest/bicep' (/Users/ryan/github.com/azure/bicep-types-az/src/autorest.bicep)
INFORMATION: > Loading AutoRest extension '@autorest/modelerfour' (*->4.15.440)
Debugger attached.
Debugger attached.
WARNING: Semantic validation was skipped.
WARNING (PreCheck/SchemaMissingType): The schema 'dev.radius.v1alpha1.ApplicationList' with an undefined type and decalared properties is a bit ambigious. This has been auto-corrected to 'type:object'
WARNING (PreCheck/SchemaMissingType): The schema 'dev.radius.v1alpha1.ComponentList' with an undefined type and decalared properties is a bit ambigious. This has been auto-corrected to 'type:object'
WARNING (PreCheck/SchemaMissingType): The schema 'dev.radius.v1alpha1.DeploymentList' with an undefined type and decalared properties is a bit ambigious. This has been auto-corrected to 'type:object'
WARNING (PreCheck/SchemaMissingType): The schema 'io.dapr.v1alpha1.ComponentList' with an undefined type and decalared properties is a bit ambigious. This has been auto-corrected to 'type:object'
WARNING (PreCheck/SchemaMissingType): The schema 'io.dapr.v1alpha1.ConfigurationList' with an undefined type and decalared properties is a bit ambigious. This has been auto-corrected to 'type:object'
WARNING (PreCheck/SchemaMissingType): The schema 'io.dapr.v1alpha1.SubscriptionList' with an undefined type and decalared properties is a bit ambigious. This has been auto-corrected to 'type:object'
WARNING (PreCheck/SchemaMissingType): The schema 'io.k8s.aadpodidentity.v1.AzureIdentityBindingList' with an undefined type and decalared properties is a bit ambigious. This has been auto-corrected to 'type:object'
WARNING (PreCheck/SchemaMissingType): The schema 'io.k8s.aadpodidentity.v1.AzureIdentityList' with an undefined type and decalared properties is a bit ambigious. This has been auto-corrected to 'type:object'
WARNING (PreCheck/SchemaMissingType): The schema 'io.k8s.aadpodidentity.v1.AzurePodIdentityExceptionList' with an undefined type and decalared properties is a bit ambigious. This has been auto-corrected to 'type:object'
WARNING (PreCheck/CheckDuplicateSchemas): Checking for duplicate schemas, this could take a (long) while.  Run with --verbose for more detail.
INFORMATION: Options {"input":["prechecker"],"prenamer":true,"always-create-content-type-parameter":true,"group-parameters":true,"additional-checks":false,"lenient-model-deduplication":true,"always-create-accept-parameter":true,"naming":{"override":{"cmyk":"CMYK","$host":"$host"}}}
INFORMATION: Accept-param true
INFORMATION: Options {"input":["prechecker"],"prenamer":true,"always-create-content-type-parameter":true,"group-parameters":true,"additional-checks":false,"lenient-model-deduplication":true,"always-create-accept-parameter":true,"naming":{"override":{"cmyk":"CMYK","$host":"$host"}}}
INFORMATION: Accept-param true
INFORMATION: Options {"input":["prechecker"],"prenamer":true,"always-create-content-type-parameter":true,"group-parameters":true,"additional-checks":false,"lenient-model-deduplication":true,"always-create-accept-parameter":true,"naming":{"override":{"cmyk":"CMYK","$host":"$host"}}}
INFORMATION: Accept-param true
WARNING (Modeler/MissingType): The schema 'io.k8s.apiextensions-apiserver.pkg.apis.apiextensions.v1.JSONSchemaPropsOrBool' has no type or format information whatsoever. Location:
   file:///users/Ryan/kuby/specification/kubernetes/resource-manager/kubernetes/preview/2021-01-01-preview/kubernetes.json#/components/schemas/io.k8s.apiextensions-apiserver.pkg.apis.apiextensions.v1.JSONSchemaPropsOrBool
WARNING (Modeler/MissingType): The schema 'io.k8s.apiextensions-apiserver.pkg.apis.apiextensions.v1.JSON' has no type or format information whatsoever. Location:
   file:///users/Ryan/kuby/specification/kubernetes/resource-manager/kubernetes/preview/2021-01-01-preview/kubernetes.json#/components/schemas/io.k8s.apiextensions-apiserver.pkg.apis.apiextensions.v1.JSON
WARNING (Modeler/MissingType): The schema 'io.k8s.apiextensions-apiserver.pkg.apis.apiextensions.v1.JSONSchemaPropsOrStringArray' has no type or format information whatsoever. Location:
   file:///users/Ryan/kuby/specification/kubernetes/resource-manager/kubernetes/preview/2021-01-01-preview/kubernetes.json#/components/schemas/io.k8s.apiextensions-apiserver.pkg.apis.apiextensions.v1.JSONSchemaPropsOrStringArray
WARNING (Modeler/MissingType): The schema 'io.k8s.apiextensions-apiserver.pkg.apis.apiextensions.v1.JSONSchemaPropsOrArray' has no type or format information whatsoever. Location:
   file:///users/Ryan/kuby/specification/kubernetes/resource-manager/kubernetes/preview/2021-01-01-preview/kubernetes.json#/components/schemas/io.k8s.apiextensions-apiserver.pkg.apis.apiextensions.v1.JSONSchemaPropsOrArray
WARNING (Modeler/MissingType): The schema 'io.k8s.apiextensions-apiserver.pkg.apis.apiextensions.v1beta1.JSONSchemaPropsOrBool' has no type or format information whatsoever. Location:
   file:///users/Ryan/kuby/specification/kubernetes/resource-manager/kubernetes/preview/2021-01-01-preview/kubernetes.json#/components/schemas/io.k8s.apiextensions-apiserver.pkg.apis.apiextensions.v1beta1.JSONSchemaPropsOrBool
WARNING (Modeler/MissingType): The schema 'io.k8s.apiextensions-apiserver.pkg.apis.apiextensions.v1beta1.JSON' has no type or format information whatsoever. Location:
   file:///users/Ryan/kuby/specification/kubernetes/resource-manager/kubernetes/preview/2021-01-01-preview/kubernetes.json#/components/schemas/io.k8s.apiextensions-apiserver.pkg.apis.apiextensions.v1beta1.JSON
WARNING (Modeler/MissingType): The schema 'io.k8s.apiextensions-apiserver.pkg.apis.apiextensions.v1beta1.JSONSchemaPropsOrStringArray' has no type or format information whatsoever. Location:
   file:///users/Ryan/kuby/specification/kubernetes/resource-manager/kubernetes/preview/2021-01-01-preview/kubernetes.json#/components/schemas/io.k8s.apiextensions-apiserver.pkg.apis.apiextensions.v1beta1.JSONSchemaPropsOrStringArray
WARNING (Modeler/MissingType): The schema 'io.k8s.apiextensions-apiserver.pkg.apis.apiextensions.v1beta1.JSONSchemaPropsOrArray' has no type or format information whatsoever. Location:
   file:///users/Ryan/kuby/specification/kubernetes/resource-manager/kubernetes/preview/2021-01-01-preview/kubernetes.json#/components/schemas/io.k8s.apiextensions-apiserver.pkg.apis.apiextensions.v1beta1.JSONSchemaPropsOrArray
WARNING (Modeler/MissingType): The schema 'io.dapr.v1alpha1.Component-spec-metadata-item-value' has no type or format information whatsoever. Location:
   file:///users/Ryan/kuby/specification/kubernetes/resource-manager/kubernetes/preview/2021-01-01-preview/kubernetes.json#/components/schemas/io.dapr.v1alpha1.Component-spec-metadata-item-value
INFORMATION: Options {"input":["prechecker"],"prenamer":true,"always-create-content-type-parameter":true,"group-parameters":true,"additional-checks":false,"lenient-model-deduplication":true,"always-create-accept-parameter":true,"naming":{"override":{"cmyk":"CMYK","$host":"$host"}}}
INFORMATION: Accept-param true
INFORMATION: Options {"input":["prechecker"],"prenamer":true,"always-create-content-type-parameter":true,"group-parameters":true,"additional-checks":false,"lenient-model-deduplication":true,"always-create-accept-parameter":true,"naming":{"override":{"cmyk":"CMYK","$host":"$host"}}}
INFORMATION: Accept-param true
INFORMATION: Options {"input":["prechecker"],"prenamer":true,"always-create-content-type-parameter":true,"group-parameters":true,"additional-checks":false,"lenient-model-deduplication":true,"always-create-accept-parameter":true,"naming":{"override":{"cmyk":"CMYK","$host":"$host"}}}
INFORMATION: Accept-param true
WARNING (Modeler/MissingType): The schema 'dev.radius.v1alpha1.Component-spec-bindings' has no type or format information whatsoever. Location:
   file:///users/Ryan/kuby/specification/kubernetes/resource-manager/kubernetes/preview/2021-01-01-preview/kubernetes.json#/components/schemas/dev.radius.v1alpha1.Component-spec-bindings
WARNING (Modeler/MissingType): The schema 'dev.radius.v1alpha1.Component-spec-config' has no type or format information whatsoever. Location:
   file:///users/Ryan/kuby/specification/kubernetes/resource-manager/kubernetes/preview/2021-01-01-preview/kubernetes.json#/components/schemas/dev.radius.v1alpha1.Component-spec-config
WARNING (Modeler/MissingType): The schema 'dev.radius.v1alpha1.Component-spec-run' has no type or format information whatsoever. Location:
   file:///users/Ryan/kuby/specification/kubernetes/resource-manager/kubernetes/preview/2021-01-01-preview/kubernetes.json#/components/schemas/dev.radius.v1alpha1.Component-spec-run
WARNING (Modeler/MissingType): The schema 'dev.radius.v1alpha1.Component-spec-traits' has no type or format information whatsoever. Location:
   file:///users/Ryan/kuby/specification/kubernetes/resource-manager/kubernetes/preview/2021-01-01-preview/kubernetes.json#/components/schemas/dev.radius.v1alpha1.Component-spec-traits
WARNING (Modeler/MissingType): The schema 'dev.radius.v1alpha1.Component-spec-uses' has no type or format information whatsoever. Location:
   file:///users/Ryan/kuby/specification/kubernetes/resource-manager/kubernetes/preview/2021-01-01-preview/kubernetes.json#/components/schemas/dev.radius.v1alpha1.Component-spec-uses
WARNING (Modeler/MissingType): The schema 'dev.radius.v1alpha1.Component-status-bindings-item-values' has no type or format information whatsoever. Location:
   file:///users/Ryan/kuby/specification/kubernetes/resource-manager/kubernetes/preview/2021-01-01-preview/kubernetes.json#/components/schemas/dev.radius.v1alpha1.Component-status-bindings-item-values
WARNING: could not rationalize put: AzureIdentity
WARNING: could not rationalize put: AzureIdentityBinding
WARNING: could not rationalize put: AzurePodIdentityException
WARNING: Unrecognized property type: byte-array. Returning 'any'.
WARNING: Unrecognized property type: byte-array. Returning 'any'.
WARNING: Unrecognized property type: byte-array. Returning 'any'.
WARNING: Unrecognized property type: byte-array. Returning 'any'.
WARNING: Unrecognized property type: byte-array. Returning 'any'.
WARNING: Unrecognized property type: byte-array. Returning 'any'.
WARNING: Unrecognized property type: byte-array. Returning 'any'.
WARNING: Unrecognized property type: byte-array. Returning 'any'.
WARNING: Unrecognized property type: byte-array. Returning 'any'.
WARNING: Unrecognized property type: byte-array. Returning 'any'.
WARNING: Unrecognized property type: byte-array. Returning 'any'.
WARNING: Unrecognized property type: byte-array. Returning 'any'.
INFORMATION: autorest.bicep took 126ms
[216.2 s] Generation Complete
Waiting for the debugger to disconnect...
